[2024-09-14 23:48:47] [INFO] Requête reçue: /index.php
[2024-09-14 23:48:47] [WARNING] Route non trouvée: /index.php
[2024-09-14 23:49:17] [INFO] Requête reçue: /api/auth
[2024-09-14 23:49:47] [INFO] Requête reçue: /api/posts
[2024-09-14 23:49:47] [INFO] Requête reçue: /api/posts
[2024-09-14 23:50:09] [INFO] Requête reçue: /api/posts/4
[2024-09-14 23:50:09] [INFO] Requête reçue: /api/posts
[2024-09-14 23:54:52] [INFO] Requête reçue: /api/auth
[2024-09-14 23:55:05] [INFO] Requête reçue: /api/posts
[2024-09-14 23:55:05] [INFO] Requête reçue: /api/posts
[2024-09-14 23:55:24] [INFO] Requête reçue: /api/auth
[2024-09-14 23:55:27] [INFO] Requête reçue: /api/posts
[2024-09-14 23:55:30] [INFO] Requête reçue: /api/posts
[2024-09-14 23:55:31] [INFO] Requête reçue: /api/posts
[2024-09-15 12:16:02] [INFO] Requête reçue: /api/auth
[2024-09-15 12:17:01] [INFO] Requête reçue: /api/posts
[2024-09-15 12:18:47] [INFO] Requête reçue: /api/auth
[2024-09-15 12:18:51] [INFO] Requête reçue: /api/posts
[2024-09-15 12:25:59] [INFO] Requête reçue: /api/auth
[2024-09-15 12:26:01] [INFO] Requête reçue: /api/posts
[2024-09-15 12:27:39] [INFO] Requête reçue: /api/auth
[2024-09-15 12:27:41] [INFO] Requête reçue: /api/posts
[2024-09-15 12:35:22] [INFO] Requête reçue: /api/auth
[2024-09-15 12:35:23] [INFO] Requête reçue: /api/posts
[2024-09-15 12:38:13] [INFO] Cache Twig désactivé pour le développement
[2024-09-15 12:38:13] [INFO] Dossier de cache Twig nettoyé manuellement
[2024-09-15 12:38:13] [INFO] Requête reçue: /api/auth
[2024-09-15 12:38:18] [INFO] Cache Twig désactivé pour le développement
[2024-09-15 12:38:18] [INFO] Dossier de cache Twig nettoyé manuellement
[2024-09-15 12:38:18] [INFO] Requête reçue: /api/posts
[2024-09-15 12:38:47] [INFO] Cache Twig désactivé pour le développement
[2024-09-15 12:38:47] [INFO] Dossier de cache Twig nettoyé manuellement
[2024-09-15 12:38:47] [INFO] Requête reçue: /api/auth
[2024-09-15 12:38:48] [INFO] Cache Twig désactivé pour le développement
[2024-09-15 12:38:48] [INFO] Dossier de cache Twig nettoyé manuellement
[2024-09-15 12:38:48] [INFO] Requête reçue: /api/posts
[2024-09-15 12:41:57] [INFO] Cache Twig désactivé pour le développement
[2024-09-15 12:41:57] [INFO] Dossier de cache Twig nettoyé manuellement
[2024-09-15 12:41:57] [INFO] Requête reçue: /api/auth
[2024-09-15 12:42:00] [INFO] Cache Twig désactivé pour le développement
[2024-09-15 12:42:00] [INFO] Dossier de cache Twig nettoyé manuellement
[2024-09-15 12:42:00] [INFO] Requête reçue: /api/posts
[2024-09-15 12:42:41] [INFO] Cache Twig désactivé pour le développement
[2024-09-15 12:42:41] [INFO] Dossier de cache Twig nettoyé manuellement
[2024-09-15 12:42:41] [INFO] Requête reçue: /api/auth
[2024-09-15 12:42:42] [INFO] Cache Twig désactivé pour le développement
[2024-09-15 12:42:42] [INFO] Dossier de cache Twig nettoyé manuellement
[2024-09-15 12:42:42] [INFO] Requête reçue: /api/posts
[2024-09-15 12:48:13] [INFO] Cache Twig désactivé pour le développement
[2024-09-15 12:48:13] [INFO] Dossier de cache Twig nettoyé manuellement
[2024-09-15 12:48:13] [INFO] Requête reçue: /api/auth
[2024-09-15 12:48:14] [INFO] Cache Twig désactivé pour le développement
[2024-09-15 12:48:14] [INFO] Dossier de cache Twig nettoyé manuellement
[2024-09-15 12:48:14] [INFO] Requête reçue: /api/posts
[2024-09-15 12:48:22] [INFO] Cache Twig désactivé pour le développement
[2024-09-15 12:48:22] [INFO] Dossier de cache Twig nettoyé manuellement
[2024-09-15 12:48:22] [INFO] Requête reçue: /api/auth
[2024-09-15 12:48:23] [INFO] Cache Twig désactivé pour le développement
[2024-09-15 12:48:23] [INFO] Dossier de cache Twig nettoyé manuellement
[2024-09-15 12:48:23] [INFO] Requête reçue: /api/posts
[2024-09-15 12:57:31] [INFO] Cache Twig désactivé pour le développement
[2024-09-15 12:57:31] [INFO] Dossier de cache Twig nettoyé manuellement
[2024-09-15 12:57:31] [INFO] Requête reçue: /api/auth
[2024-09-15 12:57:32] [INFO] Cache Twig désactivé pour le développement
[2024-09-15 12:57:32] [INFO] Dossier de cache Twig nettoyé manuellement
[2024-09-15 12:57:32] [INFO] Requête reçue: /api/posts
[2024-09-15 13:01:31] [INFO] Cache Twig désactivé pour le développement
[2024-09-15 13:01:31] [INFO] Dossier de cache Twig nettoyé manuellement
[2024-09-15 13:01:31] [INFO] Requête reçue: /api/auth
[2024-09-15 13:01:32] [INFO] Cache Twig désactivé pour le développement
[2024-09-15 13:01:32] [INFO] Dossier de cache Twig nettoyé manuellement
[2024-09-15 13:01:32] [INFO] Requête reçue: /api/posts
[2024-09-15 13:02:03] [INFO] Cache Twig désactivé pour le développement
[2024-09-15 13:02:03] [INFO] Dossier de cache Twig nettoyé manuellement
[2024-09-15 13:02:03] [INFO] Requête reçue: /
[2024-09-15 13:02:03] [ERROR] Erreur inattendue: Unable to find template "home.twig" (looked into: C:\Users\egza_\Documents\projets\headless-companion\backend\config/../../templates).
[2024-09-15 13:02:32] [INFO] Cache Twig désactivé pour le développement
[2024-09-15 13:02:32] [INFO] Dossier de cache Twig nettoyé manuellement
[2024-09-15 13:02:32] [INFO] Requête reçue: /
[2024-09-15 13:02:32] [ERROR] Erreur inattendue: Unable to find template "home.twig" (looked into: C:\Users\egza_\Documents\projets\headless-companion\backend\config/../../templates).
[2024-09-15 13:02:41] [INFO] Cache Twig désactivé pour le développement
[2024-09-15 13:02:41] [INFO] Dossier de cache Twig nettoyé manuellement
[2024-09-15 13:02:41] [INFO] Requête reçue: /admin?v=1726405352
[2024-09-15 13:02:41] [WARNING] Route non trouvée: /admin?v=1726405352
[2024-09-15 13:02:43] [INFO] Cache Twig désactivé pour le développement
[2024-09-15 13:02:43] [INFO] Dossier de cache Twig nettoyé manuellement
[2024-09-15 13:02:43] [INFO] Requête reçue: /
[2024-09-15 13:02:43] [ERROR] Erreur inattendue: Unable to find template "home.twig" (looked into: C:\Users\egza_\Documents\projets\headless-companion\backend\config/../../templates).
[2024-09-15 13:05:25] [INFO] Requête reçue: /
[2024-09-15 13:05:25] [ERROR] Erreur: Unable to find template "home.twig" (looked into: C:\Users\egza_\Documents\projets\headless-companion/templates).
[2024-09-15 13:06:15] [INFO] Requête reçue: /
[2024-09-15 13:06:18] [INFO] Requête reçue: /admin
[2024-09-15 13:07:34] [INFO] Requête reçue: /admin
[2024-09-15 13:07:34] [INFO] Dossier des templates: C:\Users\egza_\Documents\projets\headless-companion/templates
[2024-09-15 13:07:34] [INFO] Liste des fichiers dans le dossier templates:
[2024-09-15 13:07:34] [INFO] - 404.twig
[2024-09-15 13:07:34] [INFO] - admin.twig
[2024-09-15 13:07:34] [INFO] - error.twig
[2024-09-15 13:07:34] [INFO] - home.twig
[2024-09-15 13:07:34] [INFO] - layout.twig
[2024-09-15 13:07:34] [INFO] - post.twig
[2024-09-15 13:10:47] [INFO] Requête reçue: /admin
[2024-09-15 13:10:47] [INFO] Dossier des templates: C:\Users\egza_\Documents\projets\headless-companion/templates
[2024-09-15 13:10:47] [INFO] Liste des fichiers dans le dossier templates:
[2024-09-15 13:10:47] [INFO] - 404.twig
[2024-09-15 13:10:47] [INFO] - admin.twig
[2024-09-15 13:10:47] [INFO] - error.twig
[2024-09-15 13:10:47] [INFO] - home.twig
[2024-09-15 13:10:47] [INFO] - layout.twig
[2024-09-15 13:10:47] [INFO] - post.twig
[2024-09-15 13:10:50] [INFO] Requête reçue: /api/auth
[2024-09-15 13:10:50] [INFO] Dossier des templates: C:\Users\egza_\Documents\projets\headless-companion/templates
[2024-09-15 13:10:50] [INFO] Liste des fichiers dans le dossier templates:
[2024-09-15 13:10:50] [INFO] - 404.twig
[2024-09-15 13:10:50] [INFO] - admin.twig
[2024-09-15 13:10:50] [INFO] - error.twig
[2024-09-15 13:10:50] [INFO] - home.twig
[2024-09-15 13:10:50] [INFO] - layout.twig
[2024-09-15 13:10:50] [INFO] - post.twig
[2024-09-15 13:11:00] [INFO] Requête reçue: /api/auth
[2024-09-15 13:11:00] [INFO] Dossier des templates: C:\Users\egza_\Documents\projets\headless-companion/templates
[2024-09-15 13:11:00] [INFO] Liste des fichiers dans le dossier templates:
[2024-09-15 13:11:00] [INFO] - 404.twig
[2024-09-15 13:11:00] [INFO] - admin.twig
[2024-09-15 13:11:00] [INFO] - error.twig
[2024-09-15 13:11:00] [INFO] - home.twig
[2024-09-15 13:11:00] [INFO] - layout.twig
[2024-09-15 13:11:00] [INFO] - post.twig
[2024-09-15 13:14:54] [INFO] Requête reçue: /admin
[2024-09-15 13:14:54] [INFO] Dossier des templates: C:\Users\egza_\Documents\projets\headless-companion/templates
[2024-09-15 13:14:54] [INFO] Liste des fichiers dans le dossier templates:
[2024-09-15 13:14:54] [INFO] - 404.twig
[2024-09-15 13:14:54] [INFO] - admin.twig
[2024-09-15 13:14:54] [INFO] - error.twig
[2024-09-15 13:14:54] [INFO] - home.twig
[2024-09-15 13:14:54] [INFO] - layout.twig
[2024-09-15 13:14:54] [INFO] - post.twig
[2024-09-15 13:14:56] [INFO] Requête reçue: /api/auth
[2024-09-15 13:14:56] [INFO] Dossier des templates: C:\Users\egza_\Documents\projets\headless-companion/templates
[2024-09-15 13:14:56] [INFO] Liste des fichiers dans le dossier templates:
[2024-09-15 13:14:56] [INFO] - 404.twig
[2024-09-15 13:14:56] [INFO] - admin.twig
[2024-09-15 13:14:56] [INFO] - error.twig
[2024-09-15 13:14:56] [INFO] - home.twig
[2024-09-15 13:14:56] [INFO] - layout.twig
[2024-09-15 13:14:56] [INFO] - post.twig
[2024-09-15 13:18:11] [INFO] Requête reçue: /admin
[2024-09-15 13:18:11] [INFO] Dossier des templates: C:\Users\egza_\Documents\projets\headless-companion/templates
[2024-09-15 13:18:11] [INFO] Liste des fichiers dans le dossier templates:
[2024-09-15 13:18:11] [INFO] - 404.twig
[2024-09-15 13:18:11] [INFO] - admin.twig
[2024-09-15 13:18:11] [INFO] - error.twig
[2024-09-15 13:18:11] [INFO] - home.twig
[2024-09-15 13:18:11] [INFO] - layout.twig
[2024-09-15 13:18:11] [INFO] - post.twig
[2024-09-15 13:18:13] [INFO] Requête reçue: /api/auth
[2024-09-15 13:18:13] [INFO] Dossier des templates: C:\Users\egza_\Documents\projets\headless-companion/templates
[2024-09-15 13:18:13] [INFO] Liste des fichiers dans le dossier templates:
[2024-09-15 13:18:13] [INFO] - 404.twig
[2024-09-15 13:18:13] [INFO] - admin.twig
[2024-09-15 13:18:13] [INFO] - error.twig
[2024-09-15 13:18:13] [INFO] - home.twig
[2024-09-15 13:18:13] [INFO] - layout.twig
[2024-09-15 13:18:13] [INFO] - post.twig
[2024-09-15 13:18:13] [INFO] Requête d'authentification reçue
[2024-09-15 13:19:35] [INFO] Requête reçue: /admin
[2024-09-15 13:19:35] [INFO] Dossier des templates: C:\Users\egza_\Documents\projets\headless-companion/templates
[2024-09-15 13:19:35] [INFO] Liste des fichiers dans le dossier templates:
[2024-09-15 13:19:35] [INFO] - 404.twig
[2024-09-15 13:19:35] [INFO] - admin.twig
[2024-09-15 13:19:35] [INFO] - error.twig
[2024-09-15 13:19:35] [INFO] - home.twig
[2024-09-15 13:19:35] [INFO] - layout.twig
[2024-09-15 13:19:35] [INFO] - post.twig
[2024-09-15 13:19:37] [INFO] Requête reçue: /api/auth
[2024-09-15 13:19:37] [INFO] Dossier des templates: C:\Users\egza_\Documents\projets\headless-companion/templates
[2024-09-15 13:19:37] [INFO] Liste des fichiers dans le dossier templates:
[2024-09-15 13:19:37] [INFO] - 404.twig
[2024-09-15 13:19:37] [INFO] - admin.twig
[2024-09-15 13:19:37] [INFO] - error.twig
[2024-09-15 13:19:37] [INFO] - home.twig
[2024-09-15 13:19:37] [INFO] - layout.twig
[2024-09-15 13:19:37] [INFO] - post.twig
[2024-09-15 13:19:37] [INFO] Requête d'authentification reçue
[2024-09-15 13:19:38] [INFO] Requête reçue: /api/posts
[2024-09-15 13:19:38] [INFO] Dossier des templates: C:\Users\egza_\Documents\projets\headless-companion/templates
[2024-09-15 13:19:38] [INFO] Liste des fichiers dans le dossier templates:
[2024-09-15 13:19:38] [INFO] - 404.twig
[2024-09-15 13:19:38] [INFO] - admin.twig
[2024-09-15 13:19:38] [INFO] - error.twig
[2024-09-15 13:19:38] [INFO] - home.twig
[2024-09-15 13:19:38] [INFO] - layout.twig
[2024-09-15 13:19:38] [INFO] - post.twig
[2024-09-15 13:19:38] [ERROR] Erreur: Page not found
[2024-09-15 13:21:47] [INFO] Requête reçue: /admin
[2024-09-15 13:21:47] [INFO] Dossier des templates: C:\Users\egza_\Documents\projets\headless-companion/templates
[2024-09-15 13:21:47] [INFO] Liste des fichiers dans le dossier templates:
[2024-09-15 13:21:47] [INFO] - 404.twig
[2024-09-15 13:21:47] [INFO] - admin.twig
[2024-09-15 13:21:47] [INFO] - error.twig
[2024-09-15 13:21:47] [INFO] - home.twig
[2024-09-15 13:21:47] [INFO] - layout.twig
[2024-09-15 13:21:47] [INFO] - post.twig
[2024-09-15 13:21:49] [INFO] Requête reçue: /api/auth
[2024-09-15 13:21:49] [INFO] Dossier des templates: C:\Users\egza_\Documents\projets\headless-companion/templates
[2024-09-15 13:21:49] [INFO] Liste des fichiers dans le dossier templates:
[2024-09-15 13:21:49] [INFO] - 404.twig
[2024-09-15 13:21:49] [INFO] - admin.twig
[2024-09-15 13:21:49] [INFO] - error.twig
[2024-09-15 13:21:49] [INFO] - home.twig
[2024-09-15 13:21:49] [INFO] - layout.twig
[2024-09-15 13:21:49] [INFO] - post.twig
[2024-09-15 13:21:49] [INFO] Requête d'authentification reçue
[2024-09-15 13:21:50] [INFO] Requête reçue: /api/posts
[2024-09-15 13:21:50] [INFO] Dossier des templates: C:\Users\egza_\Documents\projets\headless-companion/templates
[2024-09-15 13:21:50] [INFO] Liste des fichiers dans le dossier templates:
[2024-09-15 13:21:50] [INFO] - 404.twig
[2024-09-15 13:21:50] [INFO] - admin.twig
[2024-09-15 13:21:50] [INFO] - error.twig
[2024-09-15 13:21:50] [INFO] - home.twig
[2024-09-15 13:21:50] [INFO] - layout.twig
[2024-09-15 13:21:50] [INFO] - post.twig
[2024-09-15 13:21:50] [ERROR] Erreur: Page not found
[2024-09-16 17:39:33] [ERROR] Erreur non gérée: Call to a member function render() on null
Trace: #0 {main}
[2024-09-16 17:46:03] [INFO] Requête reçue: /admin
[2024-09-16 17:46:03] [INFO] Rendu de la page admin
[2024-09-16 17:46:06] [INFO] Requête reçue: /api/auth
[2024-09-16 17:46:06] [INFO] Redirection vers auth.php
[2024-09-16 18:01:37] [INFO] Requête reçue: /admin
[2024-09-16 18:01:37] [INFO] Rendu de la page admin
[2024-09-16 18:01:40] [INFO] Requête reçue: /api/auth
[2024-09-16 18:01:40] [INFO] Redirection vers auth.php
[2024-09-16 18:01:41] [INFO] Requête reçue: /api/posts
[2024-09-16 18:01:41] [INFO] Redirection vers posts.php
[2024-09-16 18:02:19] [INFO] Requête reçue: /api/posts
[2024-09-16 18:02:19] [INFO] Redirection vers posts.php
[2024-09-16 18:02:29] [INFO] Requête reçue: /admin
[2024-09-16 18:02:29] [INFO] Rendu de la page admin
[2024-09-16 18:02:31] [INFO] Requête reçue: /api/auth
[2024-09-16 18:02:31] [INFO] Redirection vers auth.php
[2024-09-16 18:02:35] [INFO] Requête reçue: /api/posts
[2024-09-16 18:02:35] [INFO] Redirection vers posts.php
[2024-09-16 18:08:17] [INFO] Requête reçue: /admin
[2024-09-16 18:08:17] [INFO] Rendu de la page admin
[2024-09-16 18:08:21] [INFO] Requête reçue: /api/auth
[2024-09-16 18:08:21] [INFO] Redirection vers auth.php
[2024-09-16 18:08:25] [INFO] Requête reçue: /api/auth
[2024-09-16 18:08:25] [INFO] Redirection vers auth.php
[2024-09-16 18:08:27] [INFO] Requête reçue: /api/auth
[2024-09-16 18:08:27] [INFO] Redirection vers auth.php
[2024-09-16 18:11:42] [INFO] Requête reçue: /admin
[2024-09-16 18:11:42] [INFO] Rendu de la page admin
[2024-09-16 18:11:44] [INFO] Requête reçue: /api/auth
[2024-09-16 18:11:44] [INFO] Redirection vers auth.php
[2024-09-16 18:11:44] [INFO] Requête reçue: /api/posts
[2024-09-16 18:11:44] [INFO] Redirection vers posts.php
[2024-09-16 18:11:51] [INFO] Requête reçue: /api/posts
[2024-09-16 18:11:51] [INFO] Redirection vers posts.php
[2024-09-16 18:21:19] [INFO] Requête reçue: /admin
[2024-09-16 18:21:19] [INFO] Rendu de la page admin
[2024-09-16 18:21:22] [INFO] Requête reçue: /api/auth
[2024-09-16 18:21:22] [INFO] Redirection vers auth.php
[2024-09-16 18:21:22] [INFO] Requête reçue: /api/posts
[2024-09-16 18:21:22] [INFO] Redirection vers posts.php
[2024-09-16 18:21:24] [INFO] Requête reçue: /api/posts/5
[2024-09-16 18:21:24] [INFO] Redirection vers posts.php
[2024-09-16 18:21:50] [INFO] Requête reçue: /api/posts/2
[2024-09-16 18:21:50] [INFO] Redirection vers posts.php
[2024-09-16 18:22:03] [INFO] Requête reçue: /api/posts
[2024-09-16 18:22:03] [INFO] Redirection vers posts.php
[2024-09-16 18:22:06] [INFO] Requête reçue: /api/posts/2
[2024-09-16 18:22:06] [INFO] Redirection vers posts.php
[2024-09-16 18:23:00] [INFO] Requête reçue: /api/posts/5
[2024-09-16 18:23:00] [INFO] Redirection vers posts.php
[2024-09-16 18:27:35] [INFO] Requête reçue: /admin
[2024-09-16 18:27:35] [INFO] Rendu de la page admin
[2024-09-16 18:27:37] [INFO] Requête reçue: /api/auth
[2024-09-16 18:27:37] [INFO] Redirection vers auth.php
[2024-09-16 18:27:38] [INFO] Requête reçue: /api/posts
[2024-09-16 18:27:38] [INFO] Redirection vers posts.php
[2024-09-16 18:27:39] [INFO] Requête reçue: /api/posts/5
[2024-09-16 18:27:39] [INFO] Redirection vers posts.php
[2024-09-16 18:27:46] [INFO] Requête reçue: /admin
[2024-09-16 18:27:46] [INFO] Rendu de la page admin
[2024-09-16 18:27:49] [INFO] Requête reçue: /api/auth
[2024-09-16 18:27:49] [INFO] Redirection vers auth.php
[2024-09-16 18:27:51] [INFO] Requête reçue: /api/posts
[2024-09-16 18:27:51] [INFO] Redirection vers posts.php
[2024-09-16 18:27:57] [INFO] Requête reçue: /api/posts/1
[2024-09-16 18:27:57] [INFO] Redirection vers posts.php
[2024-09-16 18:27:57] [INFO] Requête reçue: /api/posts
[2024-09-16 18:27:57] [INFO] Redirection vers posts.php
[2024-09-16 18:27:58] [INFO] Requête reçue: /admin
[2024-09-16 18:27:58] [INFO] Rendu de la page admin
[2024-09-16 18:28:00] [INFO] Requête reçue: /api/auth
[2024-09-16 18:28:00] [INFO] Redirection vers auth.php
[2024-09-16 18:28:02] [INFO] Requête reçue: /api/posts
[2024-09-16 18:28:02] [INFO] Redirection vers posts.php
