[2024-09-16 17:51:08] [INFO] Génération du JWT pour l'utilisateur ID: 
[2024-09-16 17:51:08] [INFO] JWT généré avec succès
[2024-09-16 17:55:00] [INFO] Génération du JWT pour l'utilisateur ID: 1
[2024-09-16 17:55:00] [INFO] JWT généré avec succès pour l'utilisateur ID: 1
[2024-09-16 18:00:57] [INFO] Génération du JWT pour l'utilisateur ID: 1
[2024-09-16 18:00:57] [INFO] JWT généré avec succès pour l'utilisateur ID: 1
[2024-09-16 18:01:40] [INFO] Génération du JWT pour l'utilisateur ID: 1
[2024-09-16 18:01:40] [INFO] JWT généré avec succès pour l'utilisateur ID: 1
[2024-09-16 18:02:32] [INFO] Génération du JWT pour l'utilisateur ID: 1
[2024-09-16 18:02:32] [INFO] JWT généré avec succès pour l'utilisateur ID: 1
[2024-09-16 18:08:21] [INFO] Génération du JWT pour l'utilisateur ID: 1
[2024-09-16 18:08:21] [INFO] JWT généré avec succès pour l'utilisateur ID: 1
[2024-09-16 18:08:25] [INFO] Génération du JWT pour l'utilisateur ID: 1
[2024-09-16 18:08:25] [INFO] JWT généré avec succès pour l'utilisateur ID: 1
[2024-09-16 18:08:27] [INFO] Génération du JWT pour l'utilisateur ID: 1
[2024-09-16 18:08:27] [INFO] JWT généré avec succès pour l'utilisateur ID: 1
[2024-09-16 18:11:44] [INFO] Génération du JWT pour l'utilisateur ID: 1
[2024-09-16 18:11:44] [INFO] JWT généré avec succès pour l'utilisateur ID: 1
[2024-09-16 18:11:44] [INFO] Vérification du JWT
[2024-09-16 18:11:44] [INFO] JWT décodé avec succès. User ID: 1
[2024-09-16 18:11:51] [INFO] Vérification du JWT
[2024-09-16 18:11:51] [INFO] JWT décodé avec succès. User ID: 1
[2024-09-16 18:21:22] [INFO] Génération du JWT pour l'utilisateur ID: 1
[2024-09-16 18:21:22] [INFO] JWT généré avec succès pour l'utilisateur ID: 1
[2024-09-16 18:21:22] [INFO] Vérification du JWT
[2024-09-16 18:21:22] [INFO] JWT décodé avec succès. User ID: 1
[2024-09-16 18:22:03] [INFO] Vérification du JWT
[2024-09-16 18:22:03] [INFO] JWT décodé avec succès. User ID: 1
[2024-09-16 18:27:37] [INFO] Génération du JWT pour l'utilisateur ID: 1
[2024-09-16 18:27:37] [INFO] JWT généré avec succès pour l'utilisateur ID: 1
[2024-09-16 18:27:38] [INFO] Vérification du JWT
[2024-09-16 18:27:38] [INFO] JWT décodé avec succès. User ID: 1
[2024-09-16 18:27:39] [INFO] Vérification du JWT
[2024-09-16 18:27:39] [INFO] JWT décodé avec succès. User ID: 1
[2024-09-16 18:27:49] [INFO] Génération du JWT pour l'utilisateur ID: 1
[2024-09-16 18:27:49] [INFO] JWT généré avec succès pour l'utilisateur ID: 1
[2024-09-16 18:27:51] [INFO] Vérification du JWT
[2024-09-16 18:27:51] [INFO] JWT décodé avec succès. User ID: 1
[2024-09-16 18:27:57] [INFO] Vérification du JWT
[2024-09-16 18:27:57] [INFO] JWT décodé avec succès. User ID: 1
[2024-09-16 18:28:01] [INFO] Génération du JWT pour l'utilisateur ID: 1
[2024-09-16 18:28:01] [INFO] JWT généré avec succès pour l'utilisateur ID: 1
[2024-09-16 18:28:02] [INFO] Vérification du JWT
[2024-09-16 18:28:02] [INFO] JWT décodé avec succès. User ID: 1
[2024-09-16 18:37:55] [INFO] Génération du JWT pour l'utilisateur ID: 1
[2024-09-16 18:37:55] [INFO] JWT généré avec succès pour l'utilisateur ID: 1
[2024-09-16 18:37:56] [INFO] Vérification du JWT
[2024-09-16 18:37:56] [INFO] JWT décodé avec succès. User ID: 1
[2024-09-16 18:37:57] [INFO] Vérification du JWT
[2024-09-16 18:37:57] [INFO] JWT décodé avec succès. User ID: 1
[2024-09-16 18:42:52] [INFO] Vérification du JWT
[2024-09-16 18:42:52] [INFO] JWT décodé avec succès. User ID: 1
[2024-09-16 18:42:53] [INFO] Vérification du JWT
[2024-09-16 18:42:53] [INFO] JWT décodé avec succès. User ID: 1
[2024-09-16 18:42:54] [INFO] Vérification du JWT
[2024-09-16 18:42:54] [INFO] JWT décodé avec succès. User ID: 1
[2024-09-16 18:43:09] [INFO] Vérification du JWT
[2024-09-16 18:43:09] [INFO] JWT décodé avec succès. User ID: 1
[2024-09-16 18:43:17] [INFO] Génération du JWT pour l'utilisateur ID: 1
[2024-09-16 18:43:17] [INFO] JWT généré avec succès pour l'utilisateur ID: 1
[2024-09-16 18:43:17] [INFO] Vérification du JWT
[2024-09-16 18:43:17] [INFO] JWT décodé avec succès. User ID: 1
[2024-09-16 18:43:18] [INFO] Vérification du JWT
[2024-09-16 18:43:18] [INFO] JWT décodé avec succès. User ID: 1
[2024-09-16 18:43:52] [INFO] Vérification du JWT
[2024-09-16 18:43:52] [INFO] JWT décodé avec succès. User ID: 1
[2024-09-16 18:55:36] [INFO] Génération du JWT pour l'utilisateur ID: 1
[2024-09-16 18:55:36] [INFO] JWT généré avec succès pour l'utilisateur ID: 1
[2024-09-16 18:55:36] [INFO] Vérification du JWT
[2024-09-16 18:55:36] [INFO] JWT décodé avec succès. User ID: 1
[2024-09-16 19:00:07] [INFO] Génération du JWT pour l'utilisateur ID: 1
[2024-09-16 19:00:07] [INFO] JWT généré avec succès pour l'utilisateur ID: 1
[2024-09-16 19:00:07] [INFO] Vérification du JWT
[2024-09-16 19:00:07] [INFO] JWT décodé avec succès. User ID: 1
[2024-09-16 19:06:22] [INFO] Génération du JWT pour l'utilisateur ID: 1
[2024-09-16 19:06:22] [INFO] JWT généré avec succès pour l'utilisateur ID: 1
[2024-09-16 19:06:22] [INFO] Vérification du JWT: eyJ0eXAiOiJKV1QiLCJhbGciOiJIUzI1NiJ9.eyJpYXQiOjE3MjY1MTM1ODIsImlzcyI6InlvdXJfc2VydmVyX25hbWUiLCJuYmYiOjE3MjY1MTM1ODIsImV4cCI6MTcyNjUxNzE4MiwidXNlcklkIjoxfQ.xGihTSy7tx0AWyu31CSbwjiyArkUzDVaIoBSwIkMUXk
[2024-09-16 19:06:22] [INFO] JWT décodé avec succès. User ID: 1
[2024-09-16 19:11:23] [INFO] Génération du JWT pour l'utilisateur ID: 1
[2024-09-16 19:11:23] [INFO] JWT généré avec succès pour l'utilisateur ID: 1
[2024-09-16 19:11:23] [INFO] Vérification du JWT: eyJ0eXAiOiJKV1QiLCJhbGciOiJIUzI1NiJ9.eyJpYXQiOjE3MjY1MTM4ODMsImlzcyI6InlvdXJfc2VydmVyX25hbWUiLCJuYmYiOjE3MjY1MTM4ODMsImV4cCI6MTcyNjUxNzQ4MywidXNlcklkIjoxfQ.tPJpyU70n1lf7hW_1-rCUU-GVIJu4ybO-5aUiHYJP0E
[2024-09-16 19:11:23] [INFO] JWT décodé avec succès. User ID: 1
[2024-09-16 19:11:26] [INFO] Vérification du JWT: eyJ0eXAiOiJKV1QiLCJhbGciOiJIUzI1NiJ9.eyJpYXQiOjE3MjY1MTM4ODMsImlzcyI6InlvdXJfc2VydmVyX25hbWUiLCJuYmYiOjE3MjY1MTM4ODMsImV4cCI6MTcyNjUxNzQ4MywidXNlcklkIjoxfQ.tPJpyU70n1lf7hW_1-rCUU-GVIJu4ybO-5aUiHYJP0E
[2024-09-16 19:11:26] [INFO] JWT décodé avec succès. User ID: 1
[2024-09-16 19:11:28] [INFO] Vérification du JWT: eyJ0eXAiOiJKV1QiLCJhbGciOiJIUzI1NiJ9.eyJpYXQiOjE3MjY1MTM4ODMsImlzcyI6InlvdXJfc2VydmVyX25hbWUiLCJuYmYiOjE3MjY1MTM4ODMsImV4cCI6MTcyNjUxNzQ4MywidXNlcklkIjoxfQ.tPJpyU70n1lf7hW_1-rCUU-GVIJu4ybO-5aUiHYJP0E
[2024-09-16 19:11:28] [INFO] JWT décodé avec succès. User ID: 1
[2024-09-16 19:11:41] [INFO] Génération du JWT pour l'utilisateur ID: 1
[2024-09-16 19:11:41] [INFO] JWT généré avec succès pour l'utilisateur ID: 1
[2024-09-16 19:11:41] [INFO] Vérification du JWT: eyJ0eXAiOiJKV1QiLCJhbGciOiJIUzI1NiJ9.eyJpYXQiOjE3MjY1MTM5MDEsImlzcyI6InlvdXJfc2VydmVyX25hbWUiLCJuYmYiOjE3MjY1MTM5MDEsImV4cCI6MTcyNjUxNzUwMSwidXNlcklkIjoxfQ.pOXCHFk7BXQlpXMB1WERRKI2-Xq07i6yUSBzz72CYSo
[2024-09-16 19:11:41] [INFO] JWT décodé avec succès. User ID: 1
[2024-09-16 19:11:52] [INFO] Vérification du JWT: eyJ0eXAiOiJKV1QiLCJhbGciOiJIUzI1NiJ9.eyJpYXQiOjE3MjY1MTM5MDEsImlzcyI6InlvdXJfc2VydmVyX25hbWUiLCJuYmYiOjE3MjY1MTM5MDEsImV4cCI6MTcyNjUxNzUwMSwidXNlcklkIjoxfQ.pOXCHFk7BXQlpXMB1WERRKI2-Xq07i6yUSBzz72CYSo
[2024-09-16 19:11:52] [INFO] JWT décodé avec succès. User ID: 1
[2024-09-16 19:11:59] [INFO] Vérification du JWT: eyJ0eXAiOiJKV1QiLCJhbGciOiJIUzI1NiJ9.eyJpYXQiOjE3MjY1MTM5MDEsImlzcyI6InlvdXJfc2VydmVyX25hbWUiLCJuYmYiOjE3MjY1MTM5MDEsImV4cCI6MTcyNjUxNzUwMSwidXNlcklkIjoxfQ.pOXCHFk7BXQlpXMB1WERRKI2-Xq07i6yUSBzz72CYSo
[2024-09-16 19:11:59] [INFO] JWT décodé avec succès. User ID: 1
[2024-09-18 17:53:58] [INFO] Génération du JWT pour l'utilisateur ID: 1
[2024-09-18 17:53:58] [INFO] JWT généré avec succès pour l'utilisateur ID: 1
[2024-09-18 17:53:58] [INFO] Vérification du JWT: eyJ0eXAiOiJKV1QiLCJhbGciOiJIUzI1NiJ9.eyJpYXQiOjE3MjY2ODIwMzgsImlzcyI6InlvdXJfc2VydmVyX25hbWUiLCJuYmYiOjE3MjY2ODIwMzgsImV4cCI6MTcyNjY4NTYzOCwidXNlcklkIjoxfQ.dVZiMEcnxgGgm4c61eLIrv2P8bKJUKBdFOYTo8iHcW4
[2024-09-18 17:53:58] [INFO] JWT décodé avec succès. User ID: 1
[2024-09-18 17:54:00] [INFO] Vérification du JWT: eyJ0eXAiOiJKV1QiLCJhbGciOiJIUzI1NiJ9.eyJpYXQiOjE3MjY2ODIwMzgsImlzcyI6InlvdXJfc2VydmVyX25hbWUiLCJuYmYiOjE3MjY2ODIwMzgsImV4cCI6MTcyNjY4NTYzOCwidXNlcklkIjoxfQ.dVZiMEcnxgGgm4c61eLIrv2P8bKJUKBdFOYTo8iHcW4
[2024-09-18 17:54:00] [INFO] JWT décodé avec succès. User ID: 1
[2024-09-18 17:54:05] [INFO] Vérification du JWT: eyJ0eXAiOiJKV1QiLCJhbGciOiJIUzI1NiJ9.eyJpYXQiOjE3MjY2ODIwMzgsImlzcyI6InlvdXJfc2VydmVyX25hbWUiLCJuYmYiOjE3MjY2ODIwMzgsImV4cCI6MTcyNjY4NTYzOCwidXNlcklkIjoxfQ.dVZiMEcnxgGgm4c61eLIrv2P8bKJUKBdFOYTo8iHcW4
[2024-09-18 17:54:05] [INFO] JWT décodé avec succès. User ID: 1
[2024-09-18 17:57:54] [INFO] Génération du JWT pour l'utilisateur ID: 1
[2024-09-18 17:57:54] [INFO] JWT généré avec succès pour l'utilisateur ID: 1
[2024-09-18 17:57:54] [INFO] Vérification du JWT: eyJ0eXAiOiJKV1QiLCJhbGciOiJIUzI1NiJ9.eyJpYXQiOjE3MjY2ODIyNzQsImlzcyI6InlvdXJfc2VydmVyX25hbWUiLCJuYmYiOjE3MjY2ODIyNzQsImV4cCI6MTcyNjY4NTg3NCwidXNlcklkIjoxfQ.bJq0fPgklvSC1LeIs8R-5-5KoFqJ2VQPu_K-1JdE06c
[2024-09-18 17:57:54] [INFO] JWT décodé avec succès. User ID: 1
[2024-09-18 17:57:55] [INFO] Vérification du JWT: eyJ0eXAiOiJKV1QiLCJhbGciOiJIUzI1NiJ9.eyJpYXQiOjE3MjY2ODIyNzQsImlzcyI6InlvdXJfc2VydmVyX25hbWUiLCJuYmYiOjE3MjY2ODIyNzQsImV4cCI6MTcyNjY4NTg3NCwidXNlcklkIjoxfQ.bJq0fPgklvSC1LeIs8R-5-5KoFqJ2VQPu_K-1JdE06c
[2024-09-18 17:57:55] [INFO] JWT décodé avec succès. User ID: 1
[2024-09-18 17:57:58] [INFO] Vérification du JWT: eyJ0eXAiOiJKV1QiLCJhbGciOiJIUzI1NiJ9.eyJpYXQiOjE3MjY2ODIyNzQsImlzcyI6InlvdXJfc2VydmVyX25hbWUiLCJuYmYiOjE3MjY2ODIyNzQsImV4cCI6MTcyNjY4NTg3NCwidXNlcklkIjoxfQ.bJq0fPgklvSC1LeIs8R-5-5KoFqJ2VQPu_K-1JdE06c
[2024-09-18 17:57:58] [INFO] JWT décodé avec succès. User ID: 1
[2024-09-18 17:58:04] [INFO] Vérification du JWT: eyJ0eXAiOiJKV1QiLCJhbGciOiJIUzI1NiJ9.eyJpYXQiOjE3MjY2ODIyNzQsImlzcyI6InlvdXJfc2VydmVyX25hbWUiLCJuYmYiOjE3MjY2ODIyNzQsImV4cCI6MTcyNjY4NTg3NCwidXNlcklkIjoxfQ.bJq0fPgklvSC1LeIs8R-5-5KoFqJ2VQPu_K-1JdE06c
[2024-09-18 17:58:04] [INFO] JWT décodé avec succès. User ID: 1
[2024-09-18 17:59:57] [INFO] Génération du JWT pour l'utilisateur ID: 1
[2024-09-18 17:59:57] [INFO] JWT généré avec succès pour l'utilisateur ID: 1
[2024-09-18 17:59:57] [INFO] Vérification du JWT: eyJ0eXAiOiJKV1QiLCJhbGciOiJIUzI1NiJ9.eyJpYXQiOjE3MjY2ODIzOTcsImlzcyI6InlvdXJfc2VydmVyX25hbWUiLCJuYmYiOjE3MjY2ODIzOTcsImV4cCI6MTcyNjY4NTk5NywidXNlcklkIjoxfQ.PP1OszJF4f868GSsjlP1zD9QuYHsMz9K1jx_SGePB80
[2024-09-18 17:59:57] [INFO] JWT décodé avec succès. User ID: 1
[2024-09-18 18:00:00] [INFO] Vérification du JWT: eyJ0eXAiOiJKV1QiLCJhbGciOiJIUzI1NiJ9.eyJpYXQiOjE3MjY2ODIzOTcsImlzcyI6InlvdXJfc2VydmVyX25hbWUiLCJuYmYiOjE3MjY2ODIzOTcsImV4cCI6MTcyNjY4NTk5NywidXNlcklkIjoxfQ.PP1OszJF4f868GSsjlP1zD9QuYHsMz9K1jx_SGePB80
[2024-09-18 18:00:00] [INFO] JWT décodé avec succès. User ID: 1
[2024-09-18 18:00:07] [INFO] Vérification du JWT: eyJ0eXAiOiJKV1QiLCJhbGciOiJIUzI1NiJ9.eyJpYXQiOjE3MjY2ODIzOTcsImlzcyI6InlvdXJfc2VydmVyX25hbWUiLCJuYmYiOjE3MjY2ODIzOTcsImV4cCI6MTcyNjY4NTk5NywidXNlcklkIjoxfQ.PP1OszJF4f868GSsjlP1zD9QuYHsMz9K1jx_SGePB80
[2024-09-18 18:00:07] [INFO] JWT décodé avec succès. User ID: 1
[2024-09-18 18:00:18] [INFO] Vérification du JWT: eyJ0eXAiOiJKV1QiLCJhbGciOiJIUzI1NiJ9.eyJpYXQiOjE3MjY2ODIzOTcsImlzcyI6InlvdXJfc2VydmVyX25hbWUiLCJuYmYiOjE3MjY2ODIzOTcsImV4cCI6MTcyNjY4NTk5NywidXNlcklkIjoxfQ.PP1OszJF4f868GSsjlP1zD9QuYHsMz9K1jx_SGePB80
[2024-09-18 18:00:18] [INFO] JWT décodé avec succès. User ID: 1
[2024-09-18 18:00:30] [INFO] Génération du JWT pour l'utilisateur ID: 1
[2024-09-18 18:00:30] [INFO] JWT généré avec succès pour l'utilisateur ID: 1
[2024-09-18 18:00:30] [INFO] Vérification du JWT: eyJ0eXAiOiJKV1QiLCJhbGciOiJIUzI1NiJ9.eyJpYXQiOjE3MjY2ODI0MzAsImlzcyI6InlvdXJfc2VydmVyX25hbWUiLCJuYmYiOjE3MjY2ODI0MzAsImV4cCI6MTcyNjY4NjAzMCwidXNlcklkIjoxfQ.UfRv-LrueJNEh7ufrqv33j_B66wGKMUEpR82URzVr30
[2024-09-18 18:00:30] [INFO] JWT décodé avec succès. User ID: 1
[2024-09-18 18:00:33] [INFO] Vérification du JWT: eyJ0eXAiOiJKV1QiLCJhbGciOiJIUzI1NiJ9.eyJpYXQiOjE3MjY2ODI0MzAsImlzcyI6InlvdXJfc2VydmVyX25hbWUiLCJuYmYiOjE3MjY2ODI0MzAsImV4cCI6MTcyNjY4NjAzMCwidXNlcklkIjoxfQ.UfRv-LrueJNEh7ufrqv33j_B66wGKMUEpR82URzVr30
[2024-09-18 18:00:33] [INFO] JWT décodé avec succès. User ID: 1
[2024-09-18 18:00:51] [INFO] Vérification du JWT: eyJ0eXAiOiJKV1QiLCJhbGciOiJIUzI1NiJ9.eyJpYXQiOjE3MjY2ODI0MzAsImlzcyI6InlvdXJfc2VydmVyX25hbWUiLCJuYmYiOjE3MjY2ODI0MzAsImV4cCI6MTcyNjY4NjAzMCwidXNlcklkIjoxfQ.UfRv-LrueJNEh7ufrqv33j_B66wGKMUEpR82URzVr30
[2024-09-18 18:00:51] [INFO] JWT décodé avec succès. User ID: 1
[2024-09-18 18:04:20] [INFO] Génération du JWT pour l'utilisateur ID: 1
[2024-09-18 18:04:20] [INFO] JWT généré avec succès pour l'utilisateur ID: 1
[2024-09-18 18:04:20] [INFO] Vérification du JWT: eyJ0eXAiOiJKV1QiLCJhbGciOiJIUzI1NiJ9.eyJpYXQiOjE3MjY2ODI2NjAsImlzcyI6InlvdXJfc2VydmVyX25hbWUiLCJuYmYiOjE3MjY2ODI2NjAsImV4cCI6MTcyNjY4NjI2MCwidXNlcklkIjoxfQ.twLl_dPBwh5JxbwpLWWo5vLwbuRWRgNTDoFgb_MZk9A
[2024-09-18 18:04:20] [INFO] JWT décodé avec succès. User ID: 1
[2024-09-18 18:04:22] [INFO] Vérification du JWT: eyJ0eXAiOiJKV1QiLCJhbGciOiJIUzI1NiJ9.eyJpYXQiOjE3MjY2ODI2NjAsImlzcyI6InlvdXJfc2VydmVyX25hbWUiLCJuYmYiOjE3MjY2ODI2NjAsImV4cCI6MTcyNjY4NjI2MCwidXNlcklkIjoxfQ.twLl_dPBwh5JxbwpLWWo5vLwbuRWRgNTDoFgb_MZk9A
[2024-09-18 18:04:22] [INFO] JWT décodé avec succès. User ID: 1
[2024-09-18 18:04:53] [INFO] Vérification du JWT: eyJ0eXAiOiJKV1QiLCJhbGciOiJIUzI1NiJ9.eyJpYXQiOjE3MjY2ODI2NjAsImlzcyI6InlvdXJfc2VydmVyX25hbWUiLCJuYmYiOjE3MjY2ODI2NjAsImV4cCI6MTcyNjY4NjI2MCwidXNlcklkIjoxfQ.twLl_dPBwh5JxbwpLWWo5vLwbuRWRgNTDoFgb_MZk9A
[2024-09-18 18:04:53] [INFO] JWT décodé avec succès. User ID: 1
[2024-09-18 18:04:57] [INFO] Vérification du JWT: eyJ0eXAiOiJKV1QiLCJhbGciOiJIUzI1NiJ9.eyJpYXQiOjE3MjY2ODI2NjAsImlzcyI6InlvdXJfc2VydmVyX25hbWUiLCJuYmYiOjE3MjY2ODI2NjAsImV4cCI6MTcyNjY4NjI2MCwidXNlcklkIjoxfQ.twLl_dPBwh5JxbwpLWWo5vLwbuRWRgNTDoFgb_MZk9A
[2024-09-18 18:04:57] [INFO] JWT décodé avec succès. User ID: 1
