[2024-09-16 18:21:22] [INFO] Exécution de Post::findAll()
[2024-09-16 18:21:22] [INFO] Nombre de posts récupérés : 3
[2024-09-16 18:21:33] [INFO] Exécution de Post::findAll()
[2024-09-16 18:21:33] [INFO] Nombre de posts récupérés : 3
[2024-09-16 18:21:33] [INFO] Exécution de Post::findById() avec ID: 1
[2024-09-16 18:21:33] [INFO] Post trouvé avec ID: 1
[2024-09-16 18:22:03] [INFO] Exécution de Post::findAll()
[2024-09-16 18:22:03] [INFO] Nombre de posts récupérés : 3
[2024-09-16 18:27:38] [INFO] Exécution de Post::findAll()
[2024-09-16 18:27:38] [INFO] Nombre de posts récupérés : 3
[2024-09-16 18:27:39] [INFO] Exécution de Post::findAll()
[2024-09-16 18:27:39] [INFO] Nombre de posts récupérés : 3
[2024-09-16 18:27:51] [INFO] Exécution de Post::findAll()
[2024-09-16 18:27:51] [INFO] Nombre de posts récupérés : 3
[2024-09-16 18:27:57] [INFO] Exécution de Post::findAll()
[2024-09-16 18:27:57] [INFO] Nombre de posts récupérés : 3
[2024-09-16 18:28:02] [INFO] Exécution de Post::findAll()
[2024-09-16 18:28:02] [INFO] Nombre de posts récupérés : 3
[2024-09-16 18:37:56] [INFO] Exécution de Post::findAll()
[2024-09-16 18:37:56] [INFO] Nombre de posts récupérés : 3
[2024-09-16 18:37:57] [INFO] Exécution de Post::findAll()
[2024-09-16 18:37:57] [INFO] Nombre de posts récupérés : 3
[2024-09-16 18:42:52] [INFO] Exécution de Post::findAll()
[2024-09-16 18:42:52] [INFO] Nombre de posts récupérés : 3
[2024-09-16 18:42:53] [INFO] Exécution de Post::findAll()
[2024-09-16 18:42:53] [INFO] Nombre de posts récupérés : 3
[2024-09-16 18:42:54] [INFO] Exécution de Post::findAll()
[2024-09-16 18:42:54] [INFO] Nombre de posts récupérés : 3
[2024-09-16 18:43:09] [INFO] Exécution de Post::findAll()
[2024-09-16 18:43:09] [INFO] Nombre de posts récupérés : 3
[2024-09-16 18:43:17] [INFO] Exécution de Post::findAll()
[2024-09-16 18:43:17] [INFO] Nombre de posts récupérés : 3
[2024-09-16 18:43:18] [INFO] Exécution de Post::findAll()
[2024-09-16 18:43:18] [INFO] Nombre de posts récupérés : 3
[2024-09-16 18:43:52] [INFO] Exécution de Post::findAll()
[2024-09-16 18:43:52] [INFO] Nombre de posts récupérés : 3
[2024-09-16 19:11:23] [INFO] Début de l'exécution de Post::findAll()
[2024-09-16 19:11:23] [INFO] Connexion à la base de données établie
[2024-09-16 19:11:23] [INFO] Requête SQL exécutée
[2024-09-16 19:11:23] [INFO] Nombre de posts récupérés : 3
[2024-09-16 19:11:26] [INFO] Début de l'exécution de Post::findAll()
[2024-09-16 19:11:26] [INFO] Connexion à la base de données établie
[2024-09-16 19:11:26] [INFO] Requête SQL exécutée
[2024-09-16 19:11:26] [INFO] Nombre de posts récupérés : 3
[2024-09-16 19:11:28] [INFO] Début de l'exécution de Post::findAll()
[2024-09-16 19:11:28] [INFO] Connexion à la base de données établie
[2024-09-16 19:11:28] [INFO] Requête SQL exécutée
[2024-09-16 19:11:28] [INFO] Nombre de posts récupérés : 3
[2024-09-16 19:11:41] [INFO] Début de l'exécution de Post::findAll()
[2024-09-16 19:11:41] [INFO] Connexion à la base de données établie
[2024-09-16 19:11:41] [INFO] Requête SQL exécutée
[2024-09-16 19:11:41] [INFO] Nombre de posts récupérés : 3
[2024-09-18 17:53:58] [INFO] Début de l'exécution de Post::findAll()
[2024-09-18 17:53:58] [INFO] Connexion à la base de données établie
[2024-09-18 17:53:58] [INFO] Requête SQL exécutée
[2024-09-18 17:53:58] [INFO] Nombre de posts récupérés : 4
[2024-09-18 17:54:00] [INFO] Début de l'exécution de Post::findAll()
[2024-09-18 17:54:00] [INFO] Connexion à la base de données établie
[2024-09-18 17:54:00] [INFO] Requête SQL exécutée
[2024-09-18 17:54:00] [INFO] Nombre de posts récupérés : 4
[2024-09-18 17:54:05] [INFO] Début de l'exécution de Post::findAll()
[2024-09-18 17:54:05] [INFO] Connexion à la base de données établie
[2024-09-18 17:54:05] [INFO] Requête SQL exécutée
[2024-09-18 17:54:05] [INFO] Nombre de posts récupérés : 4
[2024-09-18 17:57:54] [INFO] Début de l'exécution de Post::findAll()
[2024-09-18 17:57:54] [INFO] Connexion à la base de données établie
[2024-09-18 17:57:54] [INFO] Requête SQL exécutée
[2024-09-18 17:57:54] [INFO] Nombre de posts récupérés : 4
[2024-09-18 17:57:55] [INFO] Début de l'exécution de Post::findAll()
[2024-09-18 17:57:55] [INFO] Connexion à la base de données établie
[2024-09-18 17:57:55] [INFO] Requête SQL exécutée
[2024-09-18 17:57:55] [INFO] Nombre de posts récupérés : 4
[2024-09-18 17:57:58] [INFO] Début de l'exécution de Post::findAll()
[2024-09-18 17:57:58] [INFO] Connexion à la base de données établie
[2024-09-18 17:57:58] [INFO] Requête SQL exécutée
[2024-09-18 17:57:58] [INFO] Nombre de posts récupérés : 4
[2024-09-18 17:58:04] [INFO] Début de l'exécution de Post::findAll()
[2024-09-18 17:58:04] [INFO] Connexion à la base de données établie
[2024-09-18 17:58:04] [INFO] Requête SQL exécutée
[2024-09-18 17:58:04] [INFO] Nombre de posts récupérés : 4
[2024-09-18 17:59:57] [INFO] Début de l'exécution de Post::findAll()
[2024-09-18 17:59:57] [INFO] Connexion à la base de données établie
[2024-09-18 17:59:57] [INFO] Requête SQL exécutée
[2024-09-18 17:59:57] [INFO] Nombre de posts récupérés : 4
[2024-09-18 18:00:00] [INFO] Début de l'exécution de Post::findAll()
[2024-09-18 18:00:00] [INFO] Connexion à la base de données établie
[2024-09-18 18:00:00] [INFO] Requête SQL exécutée
[2024-09-18 18:00:00] [INFO] Nombre de posts récupérés : 4
[2024-09-18 18:00:18] [INFO] Début de l'exécution de Post::findAll()
[2024-09-18 18:00:18] [INFO] Connexion à la base de données établie
[2024-09-18 18:00:18] [INFO] Requête SQL exécutée
[2024-09-18 18:00:18] [INFO] Nombre de posts récupérés : 4
[2024-09-18 18:00:30] [INFO] Début de l'exécution de Post::findAll()
[2024-09-18 18:00:30] [INFO] Connexion à la base de données établie
[2024-09-18 18:00:30] [INFO] Requête SQL exécutée
[2024-09-18 18:00:30] [INFO] Nombre de posts récupérés : 4
[2024-09-18 18:00:33] [INFO] Début de l'exécution de Post::findAll()
[2024-09-18 18:00:33] [INFO] Connexion à la base de données établie
[2024-09-18 18:00:33] [INFO] Requête SQL exécutée
[2024-09-18 18:00:33] [INFO] Nombre de posts récupérés : 4
[2024-09-18 18:00:51] [INFO] Début de l'exécution de Post::findAll()
[2024-09-18 18:00:51] [INFO] Connexion à la base de données établie
[2024-09-18 18:00:51] [INFO] Requête SQL exécutée
[2024-09-18 18:00:51] [INFO] Nombre de posts récupérés : 4
[2024-09-18 18:04:20] [INFO] Début de l'exécution de Post::findAll()
[2024-09-18 18:04:20] [INFO] Connexion à la base de données établie
[2024-09-18 18:04:20] [INFO] Requête SQL exécutée
[2024-09-18 18:04:20] [INFO] Nombre de posts récupérés : 4
[2024-09-18 18:04:53] [INFO] Post supprimé avec ID: 1
[2024-09-18 18:04:57] [INFO] Début de l'exécution de Post::findAll()
[2024-09-18 18:04:57] [INFO] Connexion à la base de données établie
[2024-09-18 18:04:57] [INFO] Requête SQL exécutée
[2024-09-18 18:04:57] [INFO] Nombre de posts récupérés : 3
